<?xml version="1.0" encoding="UTF-8"?>
<!-- Generated by org.testng.reporters.JUnitReportReporter -->
<testsuite hostname="DESKTOP-632LDMC" failures="0" tests="1" name="SubmitOrderTest" time="5.498" errors="0" timestamp="2024-09-25T17:19:20 IST" skipped="0">
  <testcase classname="SubmitOrderTest" name="SubmitOrder" time="5.498"/>
</testsuite> <!-- SubmitOrderTest -->
