<?xml version="1.0" encoding="UTF-8"?>
<!-- Generated by org.testng.reporters.JUnitReportReporter -->
<testsuite hostname="PI-27" failures="0" tests="1" name="cucumber.TestNGTestRunner" time="5.859" errors="0" timestamp="2024-11-19T14:41:53 IST" skipped="0">
  <testcase classname="cucumber.TestNGTestRunner" name="runScenario" time="5.859"/>
</testsuite> <!-- cucumber.TestNGTestRunner -->
