<?xml version="1.0" encoding="UTF-8"?>
<!-- Generated by org.testng.reporters.JUnitReportReporter -->
<testsuite hostname="PI-27" failures="0" tests="1" name="PI.admin.SubmitOrderTest" time="5.393" errors="0" timestamp="2024-10-23T17:16:01 IST" skipped="0">
  <testcase classname="PI.admin.SubmitOrderTest" name="SubmitOrder" time="5.393"/>
</testsuite> <!-- PI.admin.SubmitOrderTest -->
